C:\USERS\HP\DOCUMENTS\VISUAL STUDIO 2012\PROJECTS\GRA_PROJ\GAME\DEBUG\CHARACTER.OBJ
C:\USERS\HP\DOCUMENTS\VISUAL STUDIO 2012\PROJECTS\GRA_PROJ\GAME\DEBUG\ENGINE.OBJ
C:\USERS\HP\DOCUMENTS\VISUAL STUDIO 2012\PROJECTS\GRA_PROJ\GAME\DEBUG\GAME.OBJ
C:\USERS\HP\DOCUMENTS\VISUAL STUDIO 2012\PROJECTS\GRA_PROJ\GAME\DEBUG\LEVEL.OBJ
C:\USERS\HP\DOCUMENTS\VISUAL STUDIO 2012\PROJECTS\GRA_PROJ\GAME\DEBUG\MAIN.OBJ
C:\USERS\HP\DOCUMENTS\VISUAL STUDIO 2012\PROJECTS\GRA_PROJ\GAME\DEBUG\PLAYER.OBJ
C:\USERS\HP\DOCUMENTS\VISUAL STUDIO 2012\PROJECTS\GRA_PROJ\GAME\DEBUG\VC110.PDB
C:\USERS\HP\DOCUMENTS\VISUAL STUDIO 2012\PROJECTS\GRA_PROJ\DEBUG\GRA.ILK
C:\USERS\HP\DOCUMENTS\VISUAL STUDIO 2012\PROJECTS\GRA_PROJ\DEBUG\GRA.EXE
C:\USERS\HP\DOCUMENTS\VISUAL STUDIO 2012\PROJECTS\GRA_PROJ\DEBUG\GRA.PDB
C:\Users\hp\Documents\Visual Studio 2012\Projects\GRA_PROJ\game\Debug\Character.obj
C:\Users\hp\Documents\Visual Studio 2012\Projects\GRA_PROJ\game\Debug\Engine.obj
C:\Users\hp\Documents\Visual Studio 2012\Projects\GRA_PROJ\game\Debug\Game.obj
C:\Users\hp\Documents\Visual Studio 2012\Projects\GRA_PROJ\game\Debug\Level.obj
C:\Users\hp\Documents\Visual Studio 2012\Projects\GRA_PROJ\game\Debug\main.obj
C:\Users\hp\Documents\Visual Studio 2012\Projects\GRA_PROJ\game\Debug\Player.obj
C:\Users\hp\Documents\Visual Studio 2012\Projects\GRA_PROJ\game\Debug\cl.command.1.tlog
C:\Users\hp\Documents\Visual Studio 2012\Projects\GRA_PROJ\game\Debug\CL.read.1.tlog
C:\Users\hp\Documents\Visual Studio 2012\Projects\GRA_PROJ\game\Debug\CL.write.1.tlog
C:\Users\hp\Documents\Visual Studio 2012\Projects\GRA_PROJ\game\Debug\link-cvtres.read.1.tlog
C:\Users\hp\Documents\Visual Studio 2012\Projects\GRA_PROJ\game\Debug\link-cvtres.write.1.tlog
C:\Users\hp\Documents\Visual Studio 2012\Projects\GRA_PROJ\game\Debug\link-rc.read.1.tlog
C:\Users\hp\Documents\Visual Studio 2012\Projects\GRA_PROJ\game\Debug\link-rc.write.1.tlog
C:\Users\hp\Documents\Visual Studio 2012\Projects\GRA_PROJ\game\Debug\link.5468-cvtres.read.1.tlog
C:\Users\hp\Documents\Visual Studio 2012\Projects\GRA_PROJ\game\Debug\link.5468-cvtres.write.1.tlog
C:\Users\hp\Documents\Visual Studio 2012\Projects\GRA_PROJ\game\Debug\link.5468-rc.read.1.tlog
C:\Users\hp\Documents\Visual Studio 2012\Projects\GRA_PROJ\game\Debug\link.5468-rc.write.1.tlog
C:\Users\hp\Documents\Visual Studio 2012\Projects\GRA_PROJ\game\Debug\link.5468.read.1.tlog
C:\Users\hp\Documents\Visual Studio 2012\Projects\GRA_PROJ\game\Debug\link.5468.read.2.tlog
C:\Users\hp\Documents\Visual Studio 2012\Projects\GRA_PROJ\game\Debug\link.5468.write.1.tlog
C:\Users\hp\Documents\Visual Studio 2012\Projects\GRA_PROJ\game\Debug\link.command.1.tlog
C:\Users\hp\Documents\Visual Studio 2012\Projects\GRA_PROJ\game\Debug\link.read.1.tlog
C:\Users\hp\Documents\Visual Studio 2012\Projects\GRA_PROJ\game\Debug\link.read.2.tlog
C:\Users\hp\Documents\Visual Studio 2012\Projects\GRA_PROJ\game\Debug\link.write.1.tlog
C:\Users\hp\Documents\Visual Studio 2012\Projects\GRA_PROJ\game\Debug\vc110.idb
C:\Users\hp\Documents\Visual Studio 2012\Projects\GRA_PROJ\game\Debug\vc110.pdb
C:\Users\hp\Documents\Visual Studio 2012\Projects\GRA_PROJ\Debug\GRA.pdb
C:\Users\hp\Documents\Visual Studio 2012\Projects\GRA_PROJ\Debug\GRA.exe
C:\Users\hp\Documents\Visual Studio 2012\Projects\GRA_PROJ\Debug\GRA.ilk
